<?xml version="1.0" encoding="UTF-8"?>
<!-- Generated by org.testng.reporters.JUnitReportReporter -->
<testsuite hostname="ind351.local" failures="0" tests="1" name="com.quickee.steps.RunCuke" time="375.068" errors="0" timestamp="10 May 2018 14:16:35 GMT" skipped="0">
  <testcase classname="com.quickee.steps.RunCuke" name="feature" time="375.068"/>
</testsuite> <!-- com.quickee.steps.RunCuke -->
